<?xml version="1.0" encoding="UTF-8"?>
<!-- Generated by org.testng.reporters.JUnitXMLReporter -->
<testsuite ignored="0" hostname="Akshay" failures="0" tests="3" name="Test" time="53.059" errors="0" timestamp="2021-02-05T16:22:15 IST">
  <testcase classname="Demo.testng.annotations.Test.Parallel1" name="tc1_1" time="36.76"/>
  <testcase classname="Demo.testng.annotations.Test.Parallel2" name="tc2" time="37.485"/>
  <testcase classname="Demo.testng.annotations.Test.Parallel1" name="tc1" time="52.996"/>
</testsuite> <!-- Test -->
