<?xml version="1.0" encoding="UTF-8"?>
<testng-results ignored="0" total="2" passed="2" failed="0" skipped="0">
  <reporter-output>
  </reporter-output>
  <suite started-at="2021-02-05T16:45:56 IST" name="Suite" finished-at="2021-02-05T16:47:06 IST" duration-ms="70132">
    <groups>
    </groups>
    <test started-at="2021-02-05T16:45:56 IST" name="ChromeTest" finished-at="2021-02-05T16:46:28 IST" duration-ms="31993">
      <class name="Demo.testng.annotations.Test.DemoCross">
        <test-method signature="tc(java.lang.String)[pri:0, instance:Demo.testng.annotations.Test.DemoCross@2fd6b6c7]" started-at="2021-02-05T16:45:56 IST" name="tc" finished-at="2021-02-05T16:46:28 IST" duration-ms="31907" status="PASS">
          <params>
            <param index="0">
              <value>
                <![CDATA[chrome]]>
              </value>
            </param>
          </params>
          <reporter-output>
          </reporter-output>
        </test-method> <!-- tc -->
      </class> <!-- Demo.testng.annotations.Test.DemoCross -->
    </test> <!-- ChromeTest -->
    <test started-at="2021-02-05T16:45:56 IST" name="FirefoxTest" finished-at="2021-02-05T16:47:06 IST" duration-ms="70132">
      <class name="Demo.testng.annotations.Test.DemoCross">
        <test-method signature="tc(java.lang.String)[pri:0, instance:Demo.testng.annotations.Test.DemoCross@6b26e945]" started-at="2021-02-05T16:45:56 IST" name="tc" finished-at="2021-02-05T16:47:06 IST" duration-ms="70060" status="PASS">
          <params>
            <param index="0">
              <value>
                <![CDATA[firefox]]>
              </value>
            </param>
          </params>
          <reporter-output>
          </reporter-output>
        </test-method> <!-- tc -->
      </class> <!-- Demo.testng.annotations.Test.DemoCross -->
    </test> <!-- FirefoxTest -->
  </suite> <!-- Suite -->
</testng-results>
